<?xml version="1.0" encoding="UTF-8"?>
<!-- Generated by org.testng.reporters.JUnitXMLReporter -->
<testsuite ignored="0" hostname="AXM" failures="0" tests="6" name="Chrome" time="0.185" errors="0" timestamp="2024-10-28T12:49:59 IST">
  <testcase classname="testngpackpkg.TestNgdeno" name="test3" time="0.018"/>
  <testcase classname="testngpackpkg.TestNgdeno" name="test4" time="0.007"/>
  <testcase classname="testngpackpkg.TestNgdeno" name="test2" time="0.009"/>
  <testcase classname="testngpackpkg.TestNgdeno" name="test1" time="0.009"/>
  <testcase classname="testngpackpkg.TestNgdeno" name="test1" time="0.004"/>
  <testcase classname="testngpackpkg.TestNgdeno" name="test1" time="0.006"/>
</testsuite> <!-- Chrome -->
