<?xml version="1.0" encoding="UTF-8"?>
<!-- Generated by org.testng.reporters.JUnitXMLReporter -->
<testsuite ignored="0" hostname="AXM" failures="0" tests="6" name="Edge" time="0.053" errors="0" timestamp="2024-10-28T12:49:59 IST">
  <testcase classname="testngpackpkg.TestNgdeno" name="test3" time="0.006"/>
  <testcase classname="testngpackpkg.TestNgdeno" name="test4" time="0.002"/>
  <testcase classname="testngpackpkg.TestNgdeno" name="test2" time="0.005"/>
  <testcase classname="testngpackpkg.TestNgdeno" name="test1" time="0.002"/>
  <testcase classname="testngpackpkg.TestNgdeno" name="test1" time="0.002"/>
  <testcase classname="testngpackpkg.TestNgdeno" name="test1" time="0.003"/>
</testsuite> <!-- Edge -->
