<?xml version="1.0" encoding="UTF-8"?>
<testng-results ignored="0" total="1" passed="1" failed="0" skipped="0">
  <reporter-output>
  </reporter-output>
  <suite started-at="2024-11-14T10:36:16 IST" name="Default suite" finished-at="2024-11-14T10:36:23 IST" duration-ms="7167">
    <groups>
    </groups>
    <test started-at="2024-11-14T10:36:16 IST" name="Default test" finished-at="2024-11-14T10:36:23 IST" duration-ms="7167">
      <class name="testngpackpkg.Copypaste">
        <test-method is-config="true" signature="setUp()[pri:0, instance:testngpackpkg.Copypaste@3e27aa33]" started-at="2024-11-14T10:36:16 IST" name="setUp" finished-at="2024-11-14T10:36:23 IST" duration-ms="6588" status="PASS">
          <reporter-output>
          </reporter-output>
        </test-method> <!-- setUp -->
        <test-method signature="test()[pri:0, instance:testngpackpkg.Copypaste@3e27aa33]" started-at="2024-11-14T10:36:23 IST" name="test" finished-at="2024-11-14T10:36:23 IST" duration-ms="529" status="PASS">
          <reporter-output>
          </reporter-output>
        </test-method> <!-- test -->
      </class> <!-- testngpackpkg.Copypaste -->
    </test> <!-- Default test -->
  </suite> <!-- Default suite -->
</testng-results>
